<?xml version="1.0" encoding="UTF-8"?>
<coverage generated="1613267617961" clover="3.2.0">
  <project timestamp="1613267617961" name="All files">
    <metrics statements="42" coveredstatements="30" conditionals="18" coveredconditionals="11" methods="12" coveredmethods="8" elements="72" coveredelements="49" complexity="0" loc="42" ncloc="42" packages="4" files="6" classes="6"/>
    <package name="simple-tsdoc">
      <metrics statements="1" coveredstatements="0" conditionals="0" coveredconditionals="0" methods="0" coveredmethods="0"/>
      <file name="jest.config.ts" path="/Users/yurikilian/Repositories/yurikilian/simple-tsdoc/jest.config.ts">
        <metrics statements="1" coveredstatements="0" conditionals="0" coveredconditionals="0" methods="0" coveredmethods="0"/>
        <line num="1" count="0" type="stmt"/>
      </file>
    </package>
    <package name="simple-tsdoc.__fixture__.project.src">
      <metrics statements="3" coveredstatements="0" conditionals="0" coveredconditionals="0" methods="2" coveredmethods="0"/>
      <file name="index.ts" path="/Users/yurikilian/Repositories/yurikilian/simple-tsdoc/__fixture__/project/src/index.ts">
        <metrics statements="3" coveredstatements="0" conditionals="0" coveredconditionals="0" methods="2" coveredmethods="0"/>
        <line num="4" count="0" type="stmt"/>
        <line num="5" count="0" type="stmt"/>
        <line num="6" count="0" type="stmt"/>
      </file>
    </package>
    <package name="simple-tsdoc.src">
      <metrics statements="21" coveredstatements="13" conditionals="8" coveredconditionals="3" methods="5" coveredmethods="3"/>
      <file name="ts-compiler.ts" path="/Users/yurikilian/Repositories/yurikilian/simple-tsdoc/src/ts-compiler.ts">
        <metrics statements="21" coveredstatements="13" conditionals="8" coveredconditionals="3" methods="5" coveredmethods="3"/>
        <line num="1" count="1" type="stmt"/>
        <line num="2" count="1" type="stmt"/>
        <line num="10" count="1" type="cond" truecount="2" falsecount="0"/>
        <line num="11" count="1" type="stmt"/>
        <line num="12" count="1" type="stmt"/>
        <line num="13" count="1" type="stmt"/>
        <line num="22" count="1" type="stmt"/>
        <line num="26" count="1" type="stmt"/>
        <line num="30" count="1" type="stmt"/>
        <line num="36" count="1" type="stmt"/>
        <line num="37" count="1" type="cond" truecount="1" falsecount="1"/>
        <line num="38" count="0" type="stmt"/>
        <line num="39" count="0" type="stmt"/>
        <line num="41" count="1" type="stmt"/>
        <line num="44" count="1" type="stmt"/>
        <line num="48" count="0" type="stmt"/>
        <line num="49" count="0" type="stmt"/>
        <line num="54" count="0" type="cond" truecount="0" falsecount="2"/>
        <line num="55" count="0" type="stmt"/>
        <line num="59" count="0" type="stmt"/>
        <line num="63" count="0" type="stmt"/>
      </file>
    </package>
    <package name="simple-tsdoc.src.strategy">
      <metrics statements="17" coveredstatements="17" conditionals="10" coveredconditionals="8" methods="5" coveredmethods="5"/>
      <file name="TypescriptFunctionParsingStrategy.ts" path="/Users/yurikilian/Repositories/yurikilian/simple-tsdoc/src/strategy/TypescriptFunctionParsingStrategy.ts">
        <metrics statements="7" coveredstatements="7" conditionals="10" coveredconditionals="8" methods="2" coveredmethods="2"/>
        <line num="2" count="1" type="stmt"/>
        <line num="8" count="1" type="stmt"/>
        <line num="11" count="1" type="cond" truecount="6" falsecount="2"/>
        <line num="13" count="1" type="stmt"/>
        <line num="14" count="6" type="cond" truecount="2" falsecount="0"/>
        <line num="15" count="1" type="stmt"/>
        <line num="16" count="1" type="stmt"/>
      </file>
      <file name="TypescriptInterfaceParsingStrategy.ts" path="/Users/yurikilian/Repositories/yurikilian/simple-tsdoc/src/strategy/TypescriptInterfaceParsingStrategy.ts">
        <metrics statements="4" coveredstatements="4" conditionals="0" coveredconditionals="0" methods="2" coveredmethods="2"/>
        <line num="4" count="1" type="stmt"/>
        <line num="7" count="2" type="stmt"/>
        <line num="9" count="2" type="stmt"/>
        <line num="10" count="3" type="stmt"/>
      </file>
      <file name="TypescriptParsingStrategyFactory.ts" path="/Users/yurikilian/Repositories/yurikilian/simple-tsdoc/src/strategy/TypescriptParsingStrategyFactory.ts">
        <metrics statements="6" coveredstatements="6" conditionals="0" coveredconditionals="0" methods="1" coveredmethods="1"/>
        <line num="1" count="1" type="stmt"/>
        <line num="2" count="1" type="stmt"/>
        <line num="3" count="1" type="stmt"/>
        <line num="6" count="1" type="stmt"/>
        <line num="7" count="1" type="stmt"/>
        <line num="23" count="8" type="stmt"/>
      </file>
    </package>
  </project>
</coverage>
