{"/Users/yurikilian/Repositories/yurikilian/simple-tsdoc/jest.config.ts": {"path":"/Users/yurikilian/Repositories/yurikilian/simple-tsdoc/jest.config.ts","statementMap":{"0":{"start":{"line":1,"column":0},"end":{"line":10,"column":2}}},"fnMap":{},"branchMap":{},"s":{"0":0},"f":{},"b":{}}
,"/Users/yurikilian/Repositories/yurikilian/simple-tsdoc/__fixture__/project/src/index.ts": {"path":"/Users/yurikilian/Repositories/yurikilian/simple-tsdoc/__fixture__/project/src/index.ts","statementMap":{"0":{"start":{"line":5,"column":2},"end":{"line":9,"column":5}},"1":{"start":{"line":6,"column":4},"end":{"line":8,"column":7}},"2":{"start":{"line":4,"column":0},"end":{"line":4,"column":7}}},"fnMap":{"0":{"name":"handler","decl":{"start":{"line":4,"column":22},"end":{"line":4,"column":29}},"loc":{"start":{"line":4,"column":48},"end":{"line":10,"column":1}}},"1":{"name":"(anonymous_1)","decl":{"start":{"line":5,"column":21},"end":{"line":5,"column":22}},"loc":{"start":{"line":5,"column":33},"end":{"line":9,"column":3}}}},"branchMap":{},"s":{"0":0,"1":0,"2":0},"f":{"0":0,"1":0},"b":{}}
,"/Users/yurikilian/Repositories/yurikilian/simple-tsdoc/src/ts-compiler.ts": {"path":"/Users/yurikilian/Repositories/yurikilian/simple-tsdoc/src/ts-compiler.ts","statementMap":{"0":{"start":{"line":1,"column":0},"end":{"line":1,"column":20}},"1":{"start":{"line":2,"column":0},"end":{"line":2,"column":null}},"2":{"start":{"line":10,"column":0},"end":{"line":10,"column":null}},"3":{"start":{"line":11,"column":2},"end":{"line":11,"column":null}},"4":{"start":{"line":12,"column":2},"end":{"line":12,"column":null}},"5":{"start":{"line":13,"column":2},"end":{"line":13,"column":null}},"6":{"start":{"line":26,"column":4},"end":{"line":26,"column":43}},"7":{"start":{"line":30,"column":35},"end":{"line":34,"column":6}},"8":{"start":{"line":36,"column":29},"end":{"line":36,"column":66}},"9":{"start":{"line":37,"column":4},"end":{"line":42,"column":null}},"10":{"start":{"line":38,"column":6},"end":{"line":38,"column":66}},"11":{"start":{"line":39,"column":6},"end":{"line":39,"column":42}},"12":{"start":{"line":41,"column":6},"end":{"line":41,"column":44}},"13":{"start":{"line":44,"column":4},"end":{"line":44,"column":16}},"14":{"start":{"line":48,"column":4},"end":{"line":65,"column":7}},"15":{"start":{"line":49,"column":22},"end":{"line":51,"column":null}},"16":{"start":{"line":54,"column":6},"end":{"line":64,"column":null}},"17":{"start":{"line":55,"column":25},"end":{"line":56,"column":null}},"18":{"start":{"line":59,"column":8},"end":{"line":61,"column":37}},"19":{"start":{"line":63,"column":8},"end":{"line":63,"column":23}},"20":{"start":{"line":22,"column":0},"end":{"line":22,"column":21}}},"fnMap":{"0":{"name":"(anonymous_1)","decl":{"start":{"line":10,"column":0},"end":{"line":10,"column":12}},"loc":{"start":{"line":10,"column":27},"end":{"line":14,"column":1}}},"1":{"name":"(anonymous_2)","decl":{"start":{"line":25,"column":2},"end":{"line":25,"column":14}},"loc":{"start":{"line":25,"column":46},"end":{"line":27,"column":3}}},"2":{"name":"(anonymous_3)","decl":{"start":{"line":29,"column":9},"end":{"line":29,"column":16}},"loc":{"start":{"line":29,"column":41},"end":{"line":45,"column":3}}},"3":{"name":"(anonymous_4)","decl":{"start":{"line":47,"column":10},"end":{"line":47,"column":30}},"loc":{"start":{"line":47,"column":70},"end":{"line":66,"column":3}}},"4":{"name":"(anonymous_5)","decl":{"start":{"line":48,"column":32},"end":{"line":48,"column":33}},"loc":{"start":{"line":48,"column":47},"end":{"line":65,"column":5}}}},"branchMap":{"0":{"loc":{"start":{"line":10,"column":12},"end":{"line":10,"column":27}},"type":"binary-expr","locations":[{"start":{"line":10,"column":12},"end":{"line":10,"column":27}},{"start":{"line":10,"column":12},"end":{"line":10,"column":null}}]},"1":{"loc":{"start":{"line":37,"column":4},"end":{"line":42,"column":null}},"type":"if","locations":[{"start":{"line":37,"column":4},"end":{"line":42,"column":null}},{"start":{"line":37,"column":4},"end":{"line":42,"column":null}}]},"2":{"loc":{"start":{"line":54,"column":6},"end":{"line":64,"column":null}},"type":"if","locations":[{"start":{"line":54,"column":6},"end":{"line":64,"column":null}},{"start":{"line":54,"column":6},"end":{"line":64,"column":null}}]},"3":{"loc":{"start":{"line":56,"column":10},"end":{"line":56,"column":26}},"type":"binary-expr","locations":[{"start":{"line":56,"column":10},"end":{"line":56,"column":26}},{"start":{"line":56,"column":30},"end":{"line":56,"column":31}}]}},"s":{"0":1,"1":1,"2":1,"3":1,"4":1,"5":1,"6":1,"7":1,"8":1,"9":1,"10":0,"11":0,"12":1,"13":1,"14":0,"15":0,"16":0,"17":0,"18":0,"19":0,"20":1},"f":{"0":1,"1":1,"2":1,"3":0,"4":0},"b":{"0":[1,1],"1":[0,1],"2":[0,0],"3":[0,0]}}
,"/Users/yurikilian/Repositories/yurikilian/simple-tsdoc/src/strategy/TypescriptFunctionParsingStrategy.ts": {"path":"/Users/yurikilian/Repositories/yurikilian/simple-tsdoc/src/strategy/TypescriptFunctionParsingStrategy.ts","statementMap":{"0":{"start":{"line":2,"column":0},"end":{"line":2,"column":null}},"1":{"start":{"line":11,"column":4},"end":{"line":11,"column":54}},"2":{"start":{"line":13,"column":4},"end":{"line":18,"column":7}},"3":{"start":{"line":14,"column":6},"end":{"line":17,"column":null}},"4":{"start":{"line":15,"column":22},"end":{"line":15,"column":51}},"5":{"start":{"line":16,"column":8},"end":{"line":16,"column":58}},"6":{"start":{"line":8,"column":0},"end":{"line":8,"column":21}}},"fnMap":{"0":{"name":"(anonymous_0)","decl":{"start":{"line":10,"column":2},"end":{"line":10,"column":7}},"loc":{"start":{"line":10,"column":33},"end":{"line":19,"column":3}}},"1":{"name":"(anonymous_1)","decl":{"start":{"line":13,"column":22},"end":{"line":13,"column":23}},"loc":{"start":{"line":13,"column":32},"end":{"line":18,"column":5}}}},"branchMap":{"0":{"loc":{"start":{"line":11,"column":46},"end":{"line":11,"column":48}},"type":"cond-expr","locations":[{"start":{"line":11,"column":46},"end":{"line":11,"column":48}},{"start":{"line":11,"column":46},"end":{"line":11,"column":52}}]},"1":{"loc":{"start":{"line":11,"column":34},"end":{"line":11,"column":48}},"type":"binary-expr","locations":[{"start":{"line":11,"column":34},"end":{"line":11,"column":48}},{"start":{"line":11,"column":46},"end":{"line":11,"column":48}}]},"2":{"loc":{"start":{"line":11,"column":40},"end":{"line":11,"column":42}},"type":"cond-expr","locations":[{"start":{"line":11,"column":40},"end":{"line":11,"column":42}},{"start":{"line":11,"column":36},"end":{"line":11,"column":46}}]},"3":{"loc":{"start":{"line":11,"column":36},"end":{"line":11,"column":42}},"type":"binary-expr","locations":[{"start":{"line":11,"column":36},"end":{"line":11,"column":42}},{"start":{"line":11,"column":36},"end":{"line":11,"column":42}}]},"4":{"loc":{"start":{"line":14,"column":6},"end":{"line":17,"column":null}},"type":"if","locations":[{"start":{"line":14,"column":6},"end":{"line":17,"column":null}},{"start":{"line":14,"column":6},"end":{"line":17,"column":null}}]}},"s":{"0":1,"1":1,"2":1,"3":6,"4":1,"5":1,"6":1},"f":{"0":1,"1":6},"b":{"0":[0,1],"1":[1,1],"2":[0,1],"3":[1,1],"4":[1,5]}}
,"/Users/yurikilian/Repositories/yurikilian/simple-tsdoc/src/strategy/TypescriptInterfaceParsingStrategy.ts": {"path":"/Users/yurikilian/Repositories/yurikilian/simple-tsdoc/src/strategy/TypescriptInterfaceParsingStrategy.ts","statementMap":{"0":{"start":{"line":7,"column":4},"end":{"line":7,"column":60}},"1":{"start":{"line":9,"column":4},"end":{"line":11,"column":7}},"2":{"start":{"line":10,"column":6},"end":{"line":10,"column":50}},"3":{"start":{"line":4,"column":0},"end":{"line":4,"column":21}}},"fnMap":{"0":{"name":"(anonymous_0)","decl":{"start":{"line":6,"column":2},"end":{"line":6,"column":7}},"loc":{"start":{"line":6,"column":34},"end":{"line":12,"column":3}}},"1":{"name":"(anonymous_1)","decl":{"start":{"line":9,"column":25},"end":{"line":9,"column":26}},"loc":{"start":{"line":9,"column":36},"end":{"line":11,"column":5}}}},"branchMap":{},"s":{"0":2,"1":2,"2":3,"3":1},"f":{"0":2,"1":3},"b":{}}
,"/Users/yurikilian/Repositories/yurikilian/simple-tsdoc/src/strategy/TypescriptParsingStrategyFactory.ts": {"path":"/Users/yurikilian/Repositories/yurikilian/simple-tsdoc/src/strategy/TypescriptParsingStrategyFactory.ts","statementMap":{"0":{"start":{"line":1,"column":0},"end":{"line":1,"column":40}},"1":{"start":{"line":2,"column":0},"end":{"line":2,"column":84}},"2":{"start":{"line":3,"column":0},"end":{"line":3,"column":86}},"3":{"start":{"line":23,"column":4},"end":{"line":23,"column":37}},"4":{"start":{"line":6,"column":0},"end":{"line":6,"column":21}},"5":{"start":{"line":7,"column":17},"end":{"line":18,"column":6}}},"fnMap":{"0":{"name":"(anonymous_1)","decl":{"start":{"line":20,"column":9},"end":{"line":20,"column":15}},"loc":{"start":{"line":21,"column":20},"end":{"line":24,"column":3}}}},"branchMap":{},"s":{"0":1,"1":1,"2":1,"3":8,"4":1,"5":1},"f":{"0":8},"b":{}}
}
