{"/Users/yurikilian/Repositories/yurikilian/simple-tsdoc/jest.config.ts": {"path":"/Users/yurikilian/Repositories/yurikilian/simple-tsdoc/jest.config.ts","statementMap":{"0":{"start":{"line":1,"column":0},"end":{"line":10,"column":2}}},"fnMap":{},"branchMap":{},"s":{"0":0},"f":{},"b":{}}
,"/Users/yurikilian/Repositories/yurikilian/simple-tsdoc/src/ts-compiler.ts": {"path":"/Users/yurikilian/Repositories/yurikilian/simple-tsdoc/src/ts-compiler.ts","statementMap":{"0":{"start":{"line":1,"column":0},"end":{"line":1,"column":20}},"1":{"start":{"line":2,"column":0},"end":{"line":2,"column":null}},"2":{"start":{"line":10,"column":0},"end":{"line":10,"column":null}},"3":{"start":{"line":11,"column":2},"end":{"line":11,"column":null}},"4":{"start":{"line":12,"column":2},"end":{"line":12,"column":null}},"5":{"start":{"line":13,"column":2},"end":{"line":13,"column":null}},"6":{"start":{"line":26,"column":4},"end":{"line":26,"column":43}},"7":{"start":{"line":30,"column":35},"end":{"line":34,"column":6}},"8":{"start":{"line":36,"column":29},"end":{"line":36,"column":66}},"9":{"start":{"line":37,"column":4},"end":{"line":42,"column":null}},"10":{"start":{"line":38,"column":6},"end":{"line":38,"column":66}},"11":{"start":{"line":39,"column":6},"end":{"line":39,"column":42}},"12":{"start":{"line":41,"column":6},"end":{"line":41,"column":44}},"13":{"start":{"line":44,"column":4},"end":{"line":44,"column":16}},"14":{"start":{"line":48,"column":4},"end":{"line":65,"column":7}},"15":{"start":{"line":49,"column":22},"end":{"line":51,"column":null}},"16":{"start":{"line":54,"column":6},"end":{"line":64,"column":null}},"17":{"start":{"line":55,"column":25},"end":{"line":56,"column":null}},"18":{"start":{"line":59,"column":8},"end":{"line":61,"column":37}},"19":{"start":{"line":63,"column":8},"end":{"line":63,"column":23}},"20":{"start":{"line":22,"column":0},"end":{"line":22,"column":21}}},"fnMap":{"0":{"name":"(anonymous_1)","decl":{"start":{"line":10,"column":0},"end":{"line":10,"column":12}},"loc":{"start":{"line":10,"column":27},"end":{"line":14,"column":1}}},"1":{"name":"(anonymous_2)","decl":{"start":{"line":25,"column":2},"end":{"line":25,"column":14}},"loc":{"start":{"line":25,"column":46},"end":{"line":27,"column":3}}},"2":{"name":"(anonymous_3)","decl":{"start":{"line":29,"column":9},"end":{"line":29,"column":16}},"loc":{"start":{"line":29,"column":41},"end":{"line":45,"column":3}}},"3":{"name":"(anonymous_4)","decl":{"start":{"line":47,"column":10},"end":{"line":47,"column":30}},"loc":{"start":{"line":47,"column":70},"end":{"line":66,"column":3}}},"4":{"name":"(anonymous_5)","decl":{"start":{"line":48,"column":32},"end":{"line":48,"column":33}},"loc":{"start":{"line":48,"column":47},"end":{"line":65,"column":5}}}},"branchMap":{"0":{"loc":{"start":{"line":10,"column":12},"end":{"line":10,"column":27}},"type":"binary-expr","locations":[{"start":{"line":10,"column":12},"end":{"line":10,"column":27}},{"start":{"line":10,"column":12},"end":{"line":10,"column":null}}]},"1":{"loc":{"start":{"line":37,"column":4},"end":{"line":42,"column":null}},"type":"if","locations":[{"start":{"line":37,"column":4},"end":{"line":42,"column":null}},{"start":{"line":37,"column":4},"end":{"line":42,"column":null}}]},"2":{"loc":{"start":{"line":54,"column":6},"end":{"line":64,"column":null}},"type":"if","locations":[{"start":{"line":54,"column":6},"end":{"line":64,"column":null}},{"start":{"line":54,"column":6},"end":{"line":64,"column":null}}]},"3":{"loc":{"start":{"line":56,"column":10},"end":{"line":56,"column":26}},"type":"binary-expr","locations":[{"start":{"line":56,"column":10},"end":{"line":56,"column":26}},{"start":{"line":56,"column":30},"end":{"line":56,"column":31}}]}},"s":{"0":1,"1":1,"2":1,"3":1,"4":1,"5":1,"6":1,"7":1,"8":1,"9":1,"10":0,"11":0,"12":1,"13":1,"14":0,"15":0,"16":0,"17":0,"18":0,"19":0,"20":1},"f":{"0":1,"1":1,"2":1,"3":0,"4":0},"b":{"0":[1,1],"1":[0,1],"2":[0,0],"3":[0,0]}}
,"/Users/yurikilian/Repositories/yurikilian/simple-tsdoc/src/strategy/Factory.ts": {"path":"/Users/yurikilian/Repositories/yurikilian/simple-tsdoc/src/strategy/Factory.ts","statementMap":{"0":{"start":{"line":1,"column":0},"end":{"line":1,"column":40}},"1":{"start":{"line":2,"column":0},"end":{"line":2,"column":46}},"2":{"start":{"line":3,"column":0},"end":{"line":3,"column":48}},"3":{"start":{"line":17,"column":4},"end":{"line":17,"column":37}},"4":{"start":{"line":6,"column":0},"end":{"line":6,"column":21}},"5":{"start":{"line":7,"column":17},"end":{"line":12,"column":65}}},"fnMap":{"0":{"name":"(anonymous_1)","decl":{"start":{"line":14,"column":9},"end":{"line":14,"column":15}},"loc":{"start":{"line":15,"column":20},"end":{"line":18,"column":3}}}},"branchMap":{},"s":{"0":0,"1":0,"2":0,"3":0,"4":0,"5":0},"f":{"0":0},"b":{}}
,"/Users/yurikilian/Repositories/yurikilian/simple-tsdoc/src/strategy/FunctionParser.ts": {"path":"/Users/yurikilian/Repositories/yurikilian/simple-tsdoc/src/strategy/FunctionParser.ts","statementMap":{"0":{"start":{"line":2,"column":0},"end":{"line":2,"column":null}},"1":{"start":{"line":22,"column":23},"end":{"line":22,"column":40}},"2":{"start":{"line":23,"column":27},"end":{"line":23,"column":44}},"3":{"start":{"line":25,"column":21},"end":{"line":25,"column":25}},"4":{"start":{"line":26,"column":4},"end":{"line":48,"column":7}},"5":{"start":{"line":27,"column":6},"end":{"line":47,"column":null}},"6":{"start":{"line":28,"column":22},"end":{"line":28,"column":51}},"7":{"start":{"line":30,"column":30},"end":{"line":30,"column":49}},"8":{"start":{"line":31,"column":31},"end":{"line":31,"column":50}},"9":{"start":{"line":32,"column":8},"end":{"line":32,"column":65}},"10":{"start":{"line":33,"column":8},"end":{"line":33,"column":67}},"11":{"start":{"line":35,"column":8},"end":{"line":35,"column":48}},"12":{"start":{"line":36,"column":13},"end":{"line":47,"column":null}},"13":{"start":{"line":37,"column":23},"end":{"line":37,"column":49}},"14":{"start":{"line":38,"column":8},"end":{"line":46,"column":11}},"15":{"start":{"line":39,"column":10},"end":{"line":41,"column":null}},"16":{"start":{"line":40,"column":12},"end":{"line":40,"column":44}},"17":{"start":{"line":43,"column":10},"end":{"line":45,"column":null}},"18":{"start":{"line":44,"column":12},"end":{"line":44,"column":51}},"19":{"start":{"line":50,"column":4},"end":{"line":54,"column":null}},"20":{"start":{"line":51,"column":6},"end":{"line":53,"column":8}},"21":{"start":{"line":56,"column":4},"end":{"line":60,"column":6}},"22":{"start":{"line":20,"column":0},"end":{"line":20,"column":21}}},"fnMap":{"0":{"name":"(anonymous_0)","decl":{"start":{"line":21,"column":2},"end":{"line":21,"column":7}},"loc":{"start":{"line":21,"column":33},"end":{"line":61,"column":3}}},"1":{"name":"(anonymous_1)","decl":{"start":{"line":26,"column":22},"end":{"line":26,"column":23}},"loc":{"start":{"line":26,"column":32},"end":{"line":48,"column":5}}},"2":{"name":"(anonymous_2)","decl":{"start":{"line":38,"column":28},"end":{"line":38,"column":29}},"loc":{"start":{"line":38,"column":41},"end":{"line":46,"column":9}}}},"branchMap":{"0":{"loc":{"start":{"line":27,"column":6},"end":{"line":47,"column":null}},"type":"if","locations":[{"start":{"line":27,"column":6},"end":{"line":47,"column":null}},{"start":{"line":27,"column":6},"end":{"line":47,"column":null}}]},"1":{"loc":{"start":{"line":36,"column":13},"end":{"line":47,"column":null}},"type":"if","locations":[{"start":{"line":36,"column":13},"end":{"line":47,"column":null}},{"start":{"line":36,"column":13},"end":{"line":47,"column":null}}]},"2":{"loc":{"start":{"line":39,"column":10},"end":{"line":41,"column":null}},"type":"if","locations":[{"start":{"line":39,"column":10},"end":{"line":41,"column":null}},{"start":{"line":39,"column":10},"end":{"line":41,"column":null}}]},"3":{"loc":{"start":{"line":43,"column":10},"end":{"line":45,"column":null}},"type":"if","locations":[{"start":{"line":43,"column":10},"end":{"line":45,"column":null}},{"start":{"line":43,"column":10},"end":{"line":45,"column":null}}]},"4":{"loc":{"start":{"line":50,"column":4},"end":{"line":54,"column":null}},"type":"if","locations":[{"start":{"line":50,"column":4},"end":{"line":54,"column":null}},{"start":{"line":50,"column":4},"end":{"line":54,"column":null}}]},"5":{"loc":{"start":{"line":57,"column":12},"end":{"line":57,"column":28}},"type":"binary-expr","locations":[{"start":{"line":57,"column":12},"end":{"line":57,"column":28}},{"start":{"line":57,"column":32},"end":{"line":57,"column":34}}]},"6":{"loc":{"start":{"line":57,"column":22},"end":{"line":57,"column":24}},"type":"cond-expr","locations":[{"start":{"line":57,"column":22},"end":{"line":57,"column":24}},{"start":{"line":57,"column":22},"end":{"line":57,"column":28}}]},"7":{"loc":{"start":{"line":57,"column":12},"end":{"line":57,"column":24}},"type":"binary-expr","locations":[{"start":{"line":57,"column":12},"end":{"line":57,"column":24}},{"start":{"line":57,"column":22},"end":{"line":57,"column":24}}]},"8":{"loc":{"start":{"line":57,"column":16},"end":{"line":57,"column":18}},"type":"cond-expr","locations":[{"start":{"line":57,"column":16},"end":{"line":57,"column":18}},{"start":{"line":57,"column":12},"end":{"line":57,"column":22}}]},"9":{"loc":{"start":{"line":57,"column":12},"end":{"line":57,"column":18}},"type":"binary-expr","locations":[{"start":{"line":57,"column":12},"end":{"line":57,"column":18}},{"start":{"line":57,"column":12},"end":{"line":57,"column":18}}]}},"s":{"0":1,"1":1,"2":1,"3":1,"4":1,"5":4,"6":1,"7":1,"8":1,"9":1,"10":1,"11":1,"12":3,"13":1,"14":1,"15":1,"16":1,"17":1,"18":0,"19":1,"20":0,"21":1,"22":1},"f":{"0":1,"1":4,"2":1},"b":{"0":[1,3],"1":[1,2],"2":[1,0],"3":[0,1],"4":[0,1],"5":[1,0],"6":[0,1],"7":[1,1],"8":[0,1],"9":[1,1]}}
,"/Users/yurikilian/Repositories/yurikilian/simple-tsdoc/src/strategy/InterfaceParser.ts": {"path":"/Users/yurikilian/Repositories/yurikilian/simple-tsdoc/src/strategy/InterfaceParser.ts","statementMap":{"0":{"start":{"line":6,"column":4},"end":{"line":6,"column":60}},"1":{"start":{"line":8,"column":4},"end":{"line":10,"column":7}},"2":{"start":{"line":9,"column":6},"end":{"line":9,"column":50}},"3":{"start":{"line":4,"column":0},"end":{"line":4,"column":21}}},"fnMap":{"0":{"name":"(anonymous_0)","decl":{"start":{"line":5,"column":2},"end":{"line":5,"column":7}},"loc":{"start":{"line":5,"column":34},"end":{"line":11,"column":3}}},"1":{"name":"(anonymous_1)","decl":{"start":{"line":8,"column":25},"end":{"line":8,"column":26}},"loc":{"start":{"line":8,"column":36},"end":{"line":10,"column":5}}}},"branchMap":{},"s":{"0":0,"1":0,"2":0,"3":0},"f":{"0":0,"1":0},"b":{}}
,"/Users/yurikilian/Repositories/yurikilian/simple-tsdoc/test/fixture/function-implicit-parameters.ts": {"path":"/Users/yurikilian/Repositories/yurikilian/simple-tsdoc/test/fixture/function-implicit-parameters.ts","statementMap":{"0":{"start":{"line":10,"column":2},"end":{"line":10,"column":36}},"1":{"start":{"line":12,"column":2},"end":{"line":14,"column":4}}},"fnMap":{"0":{"name":"utilWithImplicitParameters","decl":{"start":{"line":5,"column":9},"end":{"line":5,"column":35}},"loc":{"start":{"line":9,"column":1},"end":{"line":15,"column":1}}}},"branchMap":{},"s":{"0":0,"1":0},"f":{"0":0},"b":{}}
,"/Users/yurikilian/Repositories/yurikilian/simple-tsdoc/test/fixture/function-implict-return.ts": {"path":"/Users/yurikilian/Repositories/yurikilian/simple-tsdoc/test/fixture/function-implict-return.ts","statementMap":{"0":{"start":{"line":2,"column":2},"end":{"line":2,"column":36}},"1":{"start":{"line":4,"column":2},"end":{"line":6,"column":4}}},"fnMap":{"0":{"name":"util","decl":{"start":{"line":1,"column":9},"end":{"line":1,"column":13}},"loc":{"start":{"line":1,"column":40},"end":{"line":7,"column":1}}}},"branchMap":{},"s":{"0":0,"1":0},"f":{"0":0},"b":{}}
,"/Users/yurikilian/Repositories/yurikilian/simple-tsdoc/test/fixture/function.ts": {"path":"/Users/yurikilian/Repositories/yurikilian/simple-tsdoc/test/fixture/function.ts","statementMap":{"0":{"start":{"line":10,"column":2},"end":{"line":10,"column":36}},"1":{"start":{"line":12,"column":2},"end":{"line":14,"column":4}}},"fnMap":{"0":{"name":"utilCorrect","decl":{"start":{"line":9,"column":9},"end":{"line":9,"column":20}},"loc":{"start":{"line":9,"column":44},"end":{"line":15,"column":1}}}},"branchMap":{},"s":{"0":0,"1":0},"f":{"0":0},"b":{}}
,"/Users/yurikilian/Repositories/yurikilian/simple-tsdoc/test/fixture/project/src/index.ts": {"path":"/Users/yurikilian/Repositories/yurikilian/simple-tsdoc/test/fixture/project/src/index.ts","statementMap":{"0":{"start":{"line":22,"column":2},"end":{"line":26,"column":5}},"1":{"start":{"line":23,"column":4},"end":{"line":25,"column":7}},"2":{"start":{"line":18,"column":0},"end":{"line":18,"column":7}}},"fnMap":{"0":{"name":"handler","decl":{"start":{"line":18,"column":22},"end":{"line":18,"column":29}},"loc":{"start":{"line":20,"column":24},"end":{"line":27,"column":1}}},"1":{"name":"(anonymous_1)","decl":{"start":{"line":22,"column":21},"end":{"line":22,"column":22}},"loc":{"start":{"line":22,"column":33},"end":{"line":26,"column":3}}}},"branchMap":{},"s":{"0":0,"1":0,"2":0},"f":{"0":0,"1":0},"b":{}}
}
