TN:
SF:jest.config.ts
FNF:0
FNH:0
DA:1,0
LF:1
LH:0
BRF:0
BRH:0
end_of_record
TN:
SF:__fixture__/project/src/index.ts
FN:4,handler
FN:5,(anonymous_1)
FNF:2
FNH:0
FNDA:0,handler
FNDA:0,(anonymous_1)
DA:4,0
DA:5,0
DA:6,0
LF:3
LH:0
BRF:0
BRH:0
end_of_record
TN:
SF:src/ts-compiler.ts
FN:10,(anonymous_1)
FN:25,(anonymous_2)
FN:29,(anonymous_3)
FN:47,(anonymous_4)
FN:48,(anonymous_5)
FNF:5
FNH:3
FNDA:1,(anonymous_1)
FNDA:1,(anonymous_2)
FNDA:1,(anonymous_3)
FNDA:0,(anonymous_4)
FNDA:0,(anonymous_5)
DA:1,1
DA:2,1
DA:10,1
DA:11,1
DA:12,1
DA:13,1
DA:22,1
DA:26,1
DA:30,1
DA:36,1
DA:37,1
DA:38,0
DA:39,0
DA:41,1
DA:44,1
DA:48,0
DA:49,0
DA:54,0
DA:55,0
DA:59,0
DA:63,0
LF:21
LH:13
BRDA:10,0,0,1
BRDA:10,0,1,1
BRDA:37,1,0,0
BRDA:37,1,1,1
BRDA:54,2,0,0
BRDA:54,2,1,0
BRDA:56,3,0,0
BRDA:56,3,1,0
BRF:8
BRH:3
end_of_record
TN:
SF:src/strategy/TypescriptFunctionParsingStrategy.ts
FN:10,(anonymous_0)
FN:13,(anonymous_1)
FNF:2
FNH:2
FNDA:1,(anonymous_0)
FNDA:6,(anonymous_1)
DA:2,1
DA:8,1
DA:11,1
DA:13,1
DA:14,6
DA:15,1
DA:16,1
LF:7
LH:7
BRDA:11,0,0,0
BRDA:11,0,1,1
BRDA:11,1,0,1
BRDA:11,1,1,1
BRDA:11,2,0,0
BRDA:11,2,1,1
BRDA:11,3,0,1
BRDA:11,3,1,1
BRDA:14,4,0,1
BRDA:14,4,1,5
BRF:10
BRH:8
end_of_record
TN:
SF:src/strategy/TypescriptInterfaceParsingStrategy.ts
FN:6,(anonymous_0)
FN:9,(anonymous_1)
FNF:2
FNH:2
FNDA:2,(anonymous_0)
FNDA:3,(anonymous_1)
DA:4,1
DA:7,2
DA:9,2
DA:10,3
LF:4
LH:4
BRF:0
BRH:0
end_of_record
TN:
SF:src/strategy/TypescriptParsingStrategyFactory.ts
FN:20,(anonymous_1)
FNF:1
FNH:1
FNDA:8,(anonymous_1)
DA:1,1
DA:2,1
DA:3,1
DA:6,1
DA:7,1
DA:23,8
LF:6
LH:6
BRF:0
BRH:0
end_of_record
