TN:
SF:jest.config.ts
FNF:0
FNH:0
DA:1,0
LF:1
LH:0
BRF:0
BRH:0
end_of_record
TN:
SF:src/ts-compiler.ts
FN:10,(anonymous_1)
FN:25,(anonymous_2)
FN:29,(anonymous_3)
FN:47,(anonymous_4)
FN:48,(anonymous_5)
FNF:5
FNH:3
FNDA:1,(anonymous_1)
FNDA:1,(anonymous_2)
FNDA:1,(anonymous_3)
FNDA:0,(anonymous_4)
FNDA:0,(anonymous_5)
DA:1,1
DA:2,1
DA:10,1
DA:11,1
DA:12,1
DA:13,1
DA:22,1
DA:26,1
DA:30,1
DA:36,1
DA:37,1
DA:38,0
DA:39,0
DA:41,1
DA:44,1
DA:48,0
DA:49,0
DA:54,0
DA:55,0
DA:59,0
DA:63,0
LF:21
LH:13
BRDA:10,0,0,1
BRDA:10,0,1,1
BRDA:37,1,0,0
BRDA:37,1,1,1
BRDA:54,2,0,0
BRDA:54,2,1,0
BRDA:56,3,0,0
BRDA:56,3,1,0
BRF:8
BRH:3
end_of_record
TN:
SF:src/strategy/Factory.ts
FN:14,(anonymous_1)
FNF:1
FNH:0
FNDA:0,(anonymous_1)
DA:1,0
DA:2,0
DA:3,0
DA:6,0
DA:7,0
DA:17,0
LF:6
LH:0
BRF:0
BRH:0
end_of_record
TN:
SF:src/strategy/FunctionParser.ts
FN:21,(anonymous_0)
FN:26,(anonymous_1)
FN:38,(anonymous_2)
FNF:3
FNH:3
FNDA:1,(anonymous_0)
FNDA:4,(anonymous_1)
FNDA:1,(anonymous_2)
DA:2,1
DA:20,1
DA:22,1
DA:23,1
DA:25,1
DA:26,1
DA:27,4
DA:28,1
DA:30,1
DA:31,1
DA:32,1
DA:33,1
DA:35,1
DA:36,3
DA:37,1
DA:38,1
DA:39,1
DA:40,1
DA:43,1
DA:44,0
DA:50,1
DA:51,0
DA:56,1
LF:23
LH:21
BRDA:27,0,0,1
BRDA:27,0,1,3
BRDA:36,1,0,1
BRDA:36,1,1,2
BRDA:39,2,0,1
BRDA:39,2,1,0
BRDA:43,3,0,0
BRDA:43,3,1,1
BRDA:50,4,0,0
BRDA:50,4,1,1
BRDA:57,5,0,1
BRDA:57,5,1,0
BRDA:57,6,0,0
BRDA:57,6,1,1
BRDA:57,7,0,1
BRDA:57,7,1,1
BRDA:57,8,0,0
BRDA:57,8,1,1
BRDA:57,9,0,1
BRDA:57,9,1,1
BRF:20
BRH:14
end_of_record
TN:
SF:src/strategy/InterfaceParser.ts
FN:5,(anonymous_0)
FN:8,(anonymous_1)
FNF:2
FNH:0
FNDA:0,(anonymous_0)
FNDA:0,(anonymous_1)
DA:4,0
DA:6,0
DA:8,0
DA:9,0
LF:4
LH:0
BRF:0
BRH:0
end_of_record
TN:
SF:test/fixture/function-implicit-parameters.ts
FN:5,utilWithImplicitParameters
FNF:1
FNH:0
FNDA:0,utilWithImplicitParameters
DA:10,0
DA:12,0
LF:2
LH:0
BRF:0
BRH:0
end_of_record
TN:
SF:test/fixture/function-implict-return.ts
FN:1,util
FNF:1
FNH:0
FNDA:0,util
DA:2,0
DA:4,0
LF:2
LH:0
BRF:0
BRH:0
end_of_record
TN:
SF:test/fixture/function.ts
FN:9,utilCorrect
FNF:1
FNH:0
FNDA:0,utilCorrect
DA:10,0
DA:12,0
LF:2
LH:0
BRF:0
BRH:0
end_of_record
TN:
SF:test/fixture/project/src/index.ts
FN:18,handler
FN:22,(anonymous_1)
FNF:2
FNH:0
FNDA:0,handler
FNDA:0,(anonymous_1)
DA:18,0
DA:22,0
DA:23,0
LF:3
LH:0
BRF:0
BRH:0
end_of_record
